<?xml version="1.0" encoding="UTF-8"?>
<!-- Generated by org.testng.reporters.JUnitReportReporter -->
<testsuite hostname="LAPTOP-DOBLN3AU" failures="0" tests="1" name="com.qa.wiki.tests.LoginPageTest" time="0.399" errors="0" timestamp="2021-10-14T14:44:49 IST" skipped="0">
  <testcase classname="com.qa.wiki.tests.LoginPageTest" name="loginTest" time="0.399"/>
  <system-out/>
</testsuite> <!-- com.qa.wiki.tests.LoginPageTest -->
