<?xml version="1.0" encoding="UTF-8"?>
<!-- Generated by org.testng.reporters.JUnitReportReporter -->
<testsuite hostname="LAPTOP-DOBLN3AU" failures="0" tests="2" name="com.qa.wiki.tests.CreateAccountPageTest" time="1.340" errors="0" timestamp="2021-10-14T14:44:49 IST" skipped="0">
  <testcase classname="com.qa.wiki.tests.CreateAccountPageTest" name="CreateAccountTest" time="0.502"/>
  <system-out/>
  <testcase classname="com.qa.wiki.tests.CreateAccountPageTest" name="loginclickTest" time="0.838"/>
  <system-out/>
</testsuite> <!-- com.qa.wiki.tests.CreateAccountPageTest -->
