<?xml version="1.0" encoding="UTF-8"?>
<!-- Generated by org.testng.reporters.JUnitReportReporter -->
<testsuite hostname="LAPTOP-DOBLN3AU" failures="0" tests="2" name="com.qa.wiki.tests.HomePageTest" time="2.527" errors="0" timestamp="2021-10-14T13:21:54 IST" skipped="0">
  <testcase classname="com.qa.wiki.tests.HomePageTest" name="titleTest" time="0.015"/>
  <system-out/>
  <testcase classname="com.qa.wiki.tests.HomePageTest" name="inputTest" time="2.512"/>
  <system-out/>
</testsuite> <!-- com.qa.wiki.tests.HomePageTest -->
