<?xml version="1.0" encoding="UTF-8"?>
<!-- Generated by org.testng.reporters.JUnitReportReporter -->
<testsuite hostname="LAPTOP-DOBLN3AU" failures="0" tests="2" name="com.qa.wiki.tests.SearchPageTest" time="1.310" errors="0" timestamp="2021-10-14T13:27:07 IST" skipped="0">
  <testcase classname="com.qa.wiki.tests.SearchPageTest" name="titleTest" time="0.005"/>
  <system-out/>
  <testcase classname="com.qa.wiki.tests.SearchPageTest" name="clciklinkTest" time="1.305"/>
  <system-out/>
</testsuite> <!-- com.qa.wiki.tests.SearchPageTest -->
