<?xml version="1.0" encoding="UTF-8"?>
<!-- Generated by org.testng.reporters.JUnitReportReporter -->
<testsuite hostname="LAPTOP-DOBLN3AU" failures="0" tests="2" name="com.qa.wiki.tests.SearchPageTest" time="1.383" errors="0" timestamp="2021-10-14T14:44:49 IST" skipped="0">
  <testcase classname="com.qa.wiki.tests.SearchPageTest" name="clciklinkTest" time="1.376"/>
  <system-out/>
  <testcase classname="com.qa.wiki.tests.SearchPageTest" name="titleTest" time="0.007"/>
  <system-out/>
</testsuite> <!-- com.qa.wiki.tests.SearchPageTest -->
