<?xml version="1.0" encoding="UTF-8"?>
<!-- Generated by org.testng.reporters.JUnitReportReporter -->
<testsuite hostname="LAPTOP-DOBLN3AU" failures="0" tests="2" name="com.qa.wiki.tests.SearchPageTest" time="1.485" errors="0" timestamp="14 Oct 2021 09:21:25 GMT" skipped="0">
  <testcase classname="com.qa.wiki.tests.SearchPageTest" name="titleTest" time="0.005"/>
  <testcase classname="com.qa.wiki.tests.SearchPageTest" name="clciklinkTest" time="1.480"/>
</testsuite> <!-- com.qa.wiki.tests.SearchPageTest -->
