<?xml version="1.0" encoding="UTF-8"?>
<!-- Generated by org.testng.reporters.JUnitReportReporter -->
<testsuite hostname="LAPTOP-DOBLN3AU" failures="0" tests="2" name="com.qa.wiki.tests.CreateAccountPageTest" time="1.465" errors="0" timestamp="14 Oct 2021 09:21:25 GMT" skipped="0">
  <testcase classname="com.qa.wiki.tests.CreateAccountPageTest" name="loginclickTest" time="1.019"/>
  <testcase classname="com.qa.wiki.tests.CreateAccountPageTest" name="CreateAccountTest" time="0.446"/>
</testsuite> <!-- com.qa.wiki.tests.CreateAccountPageTest -->
