<?xml version="1.0" encoding="UTF-8"?>
<!-- Generated by org.testng.reporters.JUnitReportReporter -->
<testsuite hostname="LAPTOP-DOBLN3AU" failures="0" tests="1" name="com.qa.wiki.tests.LoginPageTest" time="4.458" errors="0" timestamp="14 Oct 2021 09:21:25 GMT" skipped="0">
  <testcase classname="com.qa.wiki.tests.LoginPageTest" name="loginTest" time="4.458"/>
</testsuite> <!-- com.qa.wiki.tests.LoginPageTest -->
