<?xml version="1.0" encoding="UTF-8"?>
<!-- Generated by org.testng.reporters.JUnitReportReporter -->
<testsuite hostname="LAPTOP-DOBLN3AU" failures="0" tests="2" name="com.qa.wiki.tests.HomePageTest" time="6.865" errors="0" timestamp="14 Oct 2021 09:21:25 GMT" skipped="0">
  <testcase classname="com.qa.wiki.tests.HomePageTest" name="titleTest" time="0.037"/>
  <testcase classname="com.qa.wiki.tests.HomePageTest" name="inputTest" time="6.828"/>
</testsuite> <!-- com.qa.wiki.tests.HomePageTest -->
